<?xml version="1.0" encoding="UTF-8"?>
<testsuite xmlns:xsi="http://www.w3.org/2001/XMLSchema-instance" xsi:noNamespaceSchemaLocation="https://maven.apache.org/surefire/maven-surefire-plugin/xsd/surefire-test-report-3.0.xsd" version="3.0" name="edu.bu.met.cs665.EmailGenerationTest" time="0.026" tests="7" errors="0" skipped="0" failures="0">
  <properties>
[...]
</properties>
  <testcase name="testMultipleCustomerTypes" classname="edu.bu.met.cs665.EmailGenerationTest" time="0.007">
    <system-out><![CDATA[Header: TechSolve Innovations - "Innovating Solutions, Elevating Possibilities" 
Exclusive Elite Member Offer
Hello Mason,
Dear Elite Member,
As an elite member, you are eligible for exclusive rewards and benefits.
Best regards,
Aman Jain
Header: TechSolve Innovations - "Innovating Solutions, Elevating Possibilities" 
Thank You for Your Frequent Visits
Hello Lucas,
Dear Loyal Customer,
We appreciate your frequent visits and have a special reward for you.
Best regards,
Aman Jain
]]></system-out>
  </testcase>
  <testcase name="testEmptyCustomerName" classname="edu.bu.met.cs665.EmailGenerationTest" time="0.0">
    <system-out><![CDATA[Header: TechSolve Innovations - "Innovating Solutions, Elevating Possibilities" 
Exclusive Corporate Offer Inside
Hello ,
Dear Valued Corporate Client,
We have an exclusive offer tailored just for your business needs.
Best regards,
Aman Jain
]]></system-out>
  </testcase>
  <testcase name="testProspectiveCustomerEmail" classname="edu.bu.met.cs665.EmailGenerationTest" time="0.001">
    <system-out><![CDATA[Header: TechSolve Innovations - "Innovating Solutions, Elevating Possibilities" 
Welcome! Start Your Journey with Us
Hello Ava,
Dear Prospective Customer,
We are excited to introduce you to our offerings.
Best regards,
Aman Jain
]]></system-out>
  </testcase>
  <testcase name="testCorporateClientEmail" classname="edu.bu.met.cs665.EmailGenerationTest" time="0.0">
    <system-out><![CDATA[Header: TechSolve Innovations - "Innovating Solutions, Elevating Possibilities" 
Exclusive Corporate Offer Inside
Hello Liam,
Dear Valued Corporate Client,
We have an exclusive offer tailored just for your business needs.
Best regards,
Aman Jain
]]></system-out>
  </testcase>
  <testcase name="testEliteMemberEmail" classname="edu.bu.met.cs665.EmailGenerationTest" time="0.0">
    <system-out><![CDATA[Header: TechSolve Innovations - "Innovating Solutions, Elevating Possibilities" 
Exclusive Elite Member Offer
Hello Sophia,
Dear Elite Member,
As an elite member, you are eligible for exclusive rewards and benefits.
Best regards,
Aman Jain
]]></system-out>
  </testcase>
  <testcase name="testLoyalCustomerEmail" classname="edu.bu.met.cs665.EmailGenerationTest" time="0.001">
    <system-out><![CDATA[Header: TechSolve Innovations - "Innovating Solutions, Elevating Possibilities" 
Thank You for Your Frequent Visits
Hello Noah,
Dear Loyal Customer,
We appreciate your frequent visits and have a special reward for you.
Best regards,
Aman Jain
]]></system-out>
  </testcase>
  <testcase name="testReturningClientEmail" classname="edu.bu.met.cs665.EmailGenerationTest" time="0.0">
    <system-out><![CDATA[Header: TechSolve Innovations - "Innovating Solutions, Elevating Possibilities" 
Welcome Back!
Hello Olivia,
Dear Returning Client,
Thank you for coming back! We have a special offer waiting for you.
Best regards,
Aman Jain
]]></system-out>
  </testcase>
</testsuite>